2021-10-15 18:21:14,826 DEBUG:  -- START OF ARMS SYSTEM PROCESSING -- 
2021-10-15 18:21:14,885 DEBUG: Task list loaded.
2021-10-15 18:21:14,885 DEBUG: Total number of tasks: 1
2021-10-15 18:21:14,885  INFO:  -- START  -- sp.xml
2021-10-15 18:21:14,886  INFO:  -- Fri Oct 15 18:21:14 AWST 2021
2021-10-15 18:21:14,886  INFO:  -- TASK 1/1 -- /scevo/config/tasks/data/dpird/met/stations/sp/raw/import.xml 6:21:14 PM
2021-10-15 18:21:14,888 ERROR: CAUGHT EXCEPTION: File specified does not exist: data/dpird/met
cwr.arms.io.IOException: File specified does not exist: data/dpird/met
	at cwr.arms.tasks.data.FileImporterTask.getNewFiles(FileImporterTask.java:181)
	at cwr.arms.tasks.data.FileImporterTask.getNewFiles(FileImporterTask.java:159)
	at cwr.arms.tasks.data.textfile.ImportTask.executeTask(ImportTask.java:92)
	at cwr.arms.tasks.TaskList.runTasksList(TaskList.java:218)
	at cwr.arms.tasks.TaskListManager.runTaskListFileUnThreaded(TaskListManager.java:109)
	at cwr.arms.tasks.TaskListManager$1.run(TaskListManager.java:144)
	at java.util.concurrent.ThreadPoolExecutor.runWorker(ThreadPoolExecutor.java:1145)
	at java.util.concurrent.ThreadPoolExecutor$Worker.run(ThreadPoolExecutor.java:615)
	at java.lang.Thread.run(Thread.java:745)
2021-10-15 18:21:14,892 ERROR: CAUGHT EXCEPTION: 
File specified does not exist: data/dpird/met

Error in Task: 1

Error in Task: 1
Config file: /scevo/config/tasks/data/dpird/met/stations/sp/raw/import.xml
Method: executeTask

cwr.arms.tasks.TaskException: 
File specified does not exist: data/dpird/met

Error in Task: 1

Error in Task: 1
Config file: /scevo/config/tasks/data/dpird/met/stations/sp/raw/import.xml
Method: executeTask

	at cwr.arms.tasks.data.textfile.ImportTask.executeTask(ImportTask.java:230)
	at cwr.arms.tasks.TaskList.runTasksList(TaskList.java:218)
	at cwr.arms.tasks.TaskListManager.runTaskListFileUnThreaded(TaskListManager.java:109)
	at cwr.arms.tasks.TaskListManager$1.run(TaskListManager.java:144)
	at java.util.concurrent.ThreadPoolExecutor.runWorker(ThreadPoolExecutor.java:1145)
	at java.util.concurrent.ThreadPoolExecutor$Worker.run(ThreadPoolExecutor.java:615)
	at java.lang.Thread.run(Thread.java:745)
2021-10-15 18:21:14,893  INFO:  -- END  -- Fri Oct 15 18:21:14 AWST 2021
2021-10-15 18:21:14,894  INFO: Number of errors: 1
2021-10-15 18:22:19,510 DEBUG:  -- START OF ARMS SYSTEM PROCESSING -- 
2021-10-15 18:22:19,525 DEBUG: Task list loaded.
2021-10-15 18:22:19,525 DEBUG: Total number of tasks: 1
2021-10-15 18:22:19,526  INFO:  -- START  -- sp.xml
2021-10-15 18:22:19,526  INFO:  -- Fri Oct 15 18:22:19 AWST 2021
2021-10-15 18:22:19,526  INFO:  -- TASK 1/1 -- /scevo/config/tasks/data/dpird/met/stations/sp/raw/import.xml 6:22:19 PM
2021-10-15 18:22:19,547  INFO: Importing file SP_Weather_60min.csv
2021-10-15 18:22:20,106 ERROR: CAUGHT EXCEPTION: Error in number format of column 21 in line 2
File: SP_Weather_60min.csv
SP,1/1/2007 0:00,19,20.2,86.7,91.9,89.8,0,17.7,18.2,17.9,0,-0.01,0,0,24.6,25.1,24.8,5.04,1.84,SSW,18.2,18.9,18.7,0.8,1.3,1,60
cwr.arms.io.IOException: Error in number format of column 21 in line 2
File: SP_Weather_60min.csv
SP,1/1/2007 0:00,19,20.2,86.7,91.9,89.8,0,17.7,18.2,17.9,0,-0.01,0,0,24.6,25.1,24.8,5.04,1.84,SSW,18.2,18.9,18.7,0.8,1.3,1,60
	at cwr.arms.tasks.data.textfile.ImportTask.getValue(ImportTask.java:643)
	at cwr.arms.tasks.data.textfile.ImportTask.executeTask(ImportTask.java:199)
	at cwr.arms.tasks.TaskList.runTasksList(TaskList.java:218)
	at cwr.arms.tasks.TaskListManager.runTaskListFileUnThreaded(TaskListManager.java:109)
	at cwr.arms.tasks.TaskListManager$1.run(TaskListManager.java:144)
	at java.util.concurrent.ThreadPoolExecutor.runWorker(ThreadPoolExecutor.java:1145)
	at java.util.concurrent.ThreadPoolExecutor$Worker.run(ThreadPoolExecutor.java:615)
	at java.lang.Thread.run(Thread.java:745)
2021-10-15 18:22:20,106 ERROR: CAUGHT EXCEPTION: 
Error in number format of column 21 in line 2
File: SP_Weather_60min.csv
SP,1/1/2007 0:00,19,20.2,86.7,91.9,89.8,0,17.7,18.2,17.9,0,-0.01,0,0,24.6,25.1,24.8,5.04,1.84,SSW,18.2,18.9,18.7,0.8,1.3,1,60

Error in Task: 1

Error in Task: 1
Config file: /scevo/config/tasks/data/dpird/met/stations/sp/raw/import.xml
Method: executeTask

cwr.arms.tasks.TaskException: 
Error in number format of column 21 in line 2
File: SP_Weather_60min.csv
SP,1/1/2007 0:00,19,20.2,86.7,91.9,89.8,0,17.7,18.2,17.9,0,-0.01,0,0,24.6,25.1,24.8,5.04,1.84,SSW,18.2,18.9,18.7,0.8,1.3,1,60

Error in Task: 1

Error in Task: 1
Config file: /scevo/config/tasks/data/dpird/met/stations/sp/raw/import.xml
Method: executeTask

	at cwr.arms.tasks.data.textfile.ImportTask.executeTask(ImportTask.java:230)
	at cwr.arms.tasks.TaskList.runTasksList(TaskList.java:218)
	at cwr.arms.tasks.TaskListManager.runTaskListFileUnThreaded(TaskListManager.java:109)
	at cwr.arms.tasks.TaskListManager$1.run(TaskListManager.java:144)
	at java.util.concurrent.ThreadPoolExecutor.runWorker(ThreadPoolExecutor.java:1145)
	at java.util.concurrent.ThreadPoolExecutor$Worker.run(ThreadPoolExecutor.java:615)
	at java.lang.Thread.run(Thread.java:745)
2021-10-15 18:22:20,107  INFO:  -- END  -- Fri Oct 15 18:22:20 AWST 2021
2021-10-15 18:22:20,107  INFO: Number of errors: 1
2021-10-15 18:23:52,400 DEBUG:  -- START OF ARMS SYSTEM PROCESSING -- 
2021-10-15 18:23:52,456 DEBUG: Task list loaded.
2021-10-15 18:23:52,456 DEBUG: Total number of tasks: 1
2021-10-15 18:23:52,456  INFO:  -- START  -- sp.xml
2021-10-15 18:23:52,457  INFO:  -- Fri Oct 15 18:23:52 AWST 2021
2021-10-15 18:23:52,457  INFO:  -- TASK 1/1 -- /scevo/config/tasks/data/dpird/met/stations/sp/raw/import.xml 6:23:52 PM
2021-10-15 18:23:52,488  INFO: Importing file SP_Weather_60min.csv
2021-10-15 18:23:53,073 ERROR: CAUGHT EXCEPTION: Error in number format of column 21 in line 2
File: SP_Weather_60min.csv
SP,1/1/2007 0:00,19,20.2,86.7,91.9,89.8,0,17.7,18.2,17.9,0,-0.01,0,0,24.6,25.1,24.8,5.04,1.84,SSW,18.2,18.9,18.7,0.8,1.3,1,60
cwr.arms.io.IOException: Error in number format of column 21 in line 2
File: SP_Weather_60min.csv
SP,1/1/2007 0:00,19,20.2,86.7,91.9,89.8,0,17.7,18.2,17.9,0,-0.01,0,0,24.6,25.1,24.8,5.04,1.84,SSW,18.2,18.9,18.7,0.8,1.3,1,60
	at cwr.arms.tasks.data.textfile.ImportTask.getValue(ImportTask.java:643)
	at cwr.arms.tasks.data.textfile.ImportTask.executeTask(ImportTask.java:199)
	at cwr.arms.tasks.TaskList.runTasksList(TaskList.java:218)
	at cwr.arms.tasks.TaskListManager.runTaskListFileUnThreaded(TaskListManager.java:109)
	at cwr.arms.tasks.TaskListManager$1.run(TaskListManager.java:144)
	at java.util.concurrent.ThreadPoolExecutor.runWorker(ThreadPoolExecutor.java:1145)
	at java.util.concurrent.ThreadPoolExecutor$Worker.run(ThreadPoolExecutor.java:615)
	at java.lang.Thread.run(Thread.java:745)
2021-10-15 18:23:53,077 ERROR: CAUGHT EXCEPTION: 
Error in number format of column 21 in line 2
File: SP_Weather_60min.csv
SP,1/1/2007 0:00,19,20.2,86.7,91.9,89.8,0,17.7,18.2,17.9,0,-0.01,0,0,24.6,25.1,24.8,5.04,1.84,SSW,18.2,18.9,18.7,0.8,1.3,1,60

Error in Task: 1

Error in Task: 1
Config file: /scevo/config/tasks/data/dpird/met/stations/sp/raw/import.xml
Method: executeTask

cwr.arms.tasks.TaskException: 
Error in number format of column 21 in line 2
File: SP_Weather_60min.csv
SP,1/1/2007 0:00,19,20.2,86.7,91.9,89.8,0,17.7,18.2,17.9,0,-0.01,0,0,24.6,25.1,24.8,5.04,1.84,SSW,18.2,18.9,18.7,0.8,1.3,1,60

Error in Task: 1

Error in Task: 1
Config file: /scevo/config/tasks/data/dpird/met/stations/sp/raw/import.xml
Method: executeTask

	at cwr.arms.tasks.data.textfile.ImportTask.executeTask(ImportTask.java:230)
	at cwr.arms.tasks.TaskList.runTasksList(TaskList.java:218)
	at cwr.arms.tasks.TaskListManager.runTaskListFileUnThreaded(TaskListManager.java:109)
	at cwr.arms.tasks.TaskListManager$1.run(TaskListManager.java:144)
	at java.util.concurrent.ThreadPoolExecutor.runWorker(ThreadPoolExecutor.java:1145)
	at java.util.concurrent.ThreadPoolExecutor$Worker.run(ThreadPoolExecutor.java:615)
	at java.lang.Thread.run(Thread.java:745)
2021-10-15 18:23:53,087  INFO:  -- END  -- Fri Oct 15 18:23:53 AWST 2021
2021-10-15 18:23:53,087  INFO: Number of errors: 1
2021-10-15 18:24:35,952 DEBUG:  -- START OF ARMS SYSTEM PROCESSING -- 
2021-10-15 18:24:35,964 DEBUG: Task list loaded.
2021-10-15 18:24:35,964 DEBUG: Total number of tasks: 1
2021-10-15 18:24:35,964  INFO:  -- START  -- sp.xml
2021-10-15 18:24:35,964  INFO:  -- Fri Oct 15 18:24:35 AWST 2021
2021-10-15 18:24:35,964  INFO:  -- TASK 1/1 -- /scevo/config/tasks/data/dpird/met/stations/sp/raw/import.xml 6:24:35 PM
2021-10-15 18:24:35,982  INFO: Importing file SP_Weather_60min.csv
2021-10-15 18:24:36,558 ERROR: CAUGHT EXCEPTION: Error in number format of column 21 in line 2
File: SP_Weather_60min.csv
SP,1/1/2007 0:00,19,20.2,86.7,91.9,89.8,0,17.7,18.2,17.9,0,-0.01,0,0,24.6,25.1,24.8,5.04,1.84,SSW,18.2,18.9,18.7,0.8,1.3,1,60
cwr.arms.io.IOException: Error in number format of column 21 in line 2
File: SP_Weather_60min.csv
SP,1/1/2007 0:00,19,20.2,86.7,91.9,89.8,0,17.7,18.2,17.9,0,-0.01,0,0,24.6,25.1,24.8,5.04,1.84,SSW,18.2,18.9,18.7,0.8,1.3,1,60
	at cwr.arms.tasks.data.textfile.ImportTask.getValue(ImportTask.java:643)
	at cwr.arms.tasks.data.textfile.ImportTask.executeTask(ImportTask.java:199)
	at cwr.arms.tasks.TaskList.runTasksList(TaskList.java:218)
	at cwr.arms.tasks.TaskListManager.runTaskListFileUnThreaded(TaskListManager.java:109)
	at cwr.arms.tasks.TaskListManager$1.run(TaskListManager.java:144)
	at java.util.concurrent.ThreadPoolExecutor.runWorker(ThreadPoolExecutor.java:1145)
	at java.util.concurrent.ThreadPoolExecutor$Worker.run(ThreadPoolExecutor.java:615)
	at java.lang.Thread.run(Thread.java:745)
2021-10-15 18:24:36,559 ERROR: CAUGHT EXCEPTION: 
Error in number format of column 21 in line 2
File: SP_Weather_60min.csv
SP,1/1/2007 0:00,19,20.2,86.7,91.9,89.8,0,17.7,18.2,17.9,0,-0.01,0,0,24.6,25.1,24.8,5.04,1.84,SSW,18.2,18.9,18.7,0.8,1.3,1,60

Error in Task: 1

Error in Task: 1
Config file: /scevo/config/tasks/data/dpird/met/stations/sp/raw/import.xml
Method: executeTask

cwr.arms.tasks.TaskException: 
Error in number format of column 21 in line 2
File: SP_Weather_60min.csv
SP,1/1/2007 0:00,19,20.2,86.7,91.9,89.8,0,17.7,18.2,17.9,0,-0.01,0,0,24.6,25.1,24.8,5.04,1.84,SSW,18.2,18.9,18.7,0.8,1.3,1,60

Error in Task: 1

Error in Task: 1
Config file: /scevo/config/tasks/data/dpird/met/stations/sp/raw/import.xml
Method: executeTask

	at cwr.arms.tasks.data.textfile.ImportTask.executeTask(ImportTask.java:230)
	at cwr.arms.tasks.TaskList.runTasksList(TaskList.java:218)
	at cwr.arms.tasks.TaskListManager.runTaskListFileUnThreaded(TaskListManager.java:109)
	at cwr.arms.tasks.TaskListManager$1.run(TaskListManager.java:144)
	at java.util.concurrent.ThreadPoolExecutor.runWorker(ThreadPoolExecutor.java:1145)
	at java.util.concurrent.ThreadPoolExecutor$Worker.run(ThreadPoolExecutor.java:615)
	at java.lang.Thread.run(Thread.java:745)
2021-10-15 18:24:36,560  INFO:  -- END  -- Fri Oct 15 18:24:36 AWST 2021
2021-10-15 18:24:36,560  INFO: Number of errors: 1
2021-10-15 18:29:41,077 DEBUG:  -- START OF ARMS SYSTEM PROCESSING -- 
2021-10-15 18:29:41,141 DEBUG: Task list loaded.
2021-10-15 18:29:41,141 DEBUG: Total number of tasks: 1
2021-10-15 18:29:41,141  INFO:  -- START  -- sp.xml
2021-10-15 18:29:41,141  INFO:  -- Fri Oct 15 18:29:41 AWST 2021
2021-10-15 18:29:41,142  INFO:  -- TASK 1/1 -- /scevo/config/tasks/data/dpird/met/stations/sp/raw/import.xml 6:29:41 PM
2021-10-15 18:29:41,161  INFO: Importing file SP_Weather_60min.csv
2021-10-15 18:29:43,646 ERROR: CAUGHT EXCEPTION: Error in number format of column 12 in line 39,802
File: SP_Weather_60min.csv
SP,7/25/2011 22:00,14.9,16.1,81.9,85.4,84.2,0,12.4,13,12.6,NA,NA,NA,NA,13.8,14,13.9,5.76,2.92,ENE,13.6,14.5,13.9,1.2,1.6,1.3,60
cwr.arms.io.IOException: Error in number format of column 12 in line 39,802
File: SP_Weather_60min.csv
SP,7/25/2011 22:00,14.9,16.1,81.9,85.4,84.2,0,12.4,13,12.6,NA,NA,NA,NA,13.8,14,13.9,5.76,2.92,ENE,13.6,14.5,13.9,1.2,1.6,1.3,60
	at cwr.arms.tasks.data.textfile.ImportTask.getValue(ImportTask.java:643)
	at cwr.arms.tasks.data.textfile.ImportTask.executeTask(ImportTask.java:199)
	at cwr.arms.tasks.TaskList.runTasksList(TaskList.java:218)
	at cwr.arms.tasks.TaskListManager.runTaskListFileUnThreaded(TaskListManager.java:109)
	at cwr.arms.tasks.TaskListManager$1.run(TaskListManager.java:144)
	at java.util.concurrent.ThreadPoolExecutor.runWorker(ThreadPoolExecutor.java:1145)
	at java.util.concurrent.ThreadPoolExecutor$Worker.run(ThreadPoolExecutor.java:615)
	at java.lang.Thread.run(Thread.java:745)
2021-10-15 18:29:43,650 ERROR: CAUGHT EXCEPTION: 
Error in number format of column 12 in line 39,802
File: SP_Weather_60min.csv
SP,7/25/2011 22:00,14.9,16.1,81.9,85.4,84.2,0,12.4,13,12.6,NA,NA,NA,NA,13.8,14,13.9,5.76,2.92,ENE,13.6,14.5,13.9,1.2,1.6,1.3,60

Error in Task: 1

Error in Task: 1
Config file: /scevo/config/tasks/data/dpird/met/stations/sp/raw/import.xml
Method: executeTask

cwr.arms.tasks.TaskException: 
Error in number format of column 12 in line 39,802
File: SP_Weather_60min.csv
SP,7/25/2011 22:00,14.9,16.1,81.9,85.4,84.2,0,12.4,13,12.6,NA,NA,NA,NA,13.8,14,13.9,5.76,2.92,ENE,13.6,14.5,13.9,1.2,1.6,1.3,60

Error in Task: 1

Error in Task: 1
Config file: /scevo/config/tasks/data/dpird/met/stations/sp/raw/import.xml
Method: executeTask

	at cwr.arms.tasks.data.textfile.ImportTask.executeTask(ImportTask.java:230)
	at cwr.arms.tasks.TaskList.runTasksList(TaskList.java:218)
	at cwr.arms.tasks.TaskListManager.runTaskListFileUnThreaded(TaskListManager.java:109)
	at cwr.arms.tasks.TaskListManager$1.run(TaskListManager.java:144)
	at java.util.concurrent.ThreadPoolExecutor.runWorker(ThreadPoolExecutor.java:1145)
	at java.util.concurrent.ThreadPoolExecutor$Worker.run(ThreadPoolExecutor.java:615)
	at java.lang.Thread.run(Thread.java:745)
2021-10-15 18:29:43,652  INFO:  -- END  -- Fri Oct 15 18:29:43 AWST 2021
2021-10-15 18:29:43,652  INFO: Number of errors: 1
2021-10-15 18:31:18,294 DEBUG:  -- START OF ARMS SYSTEM PROCESSING -- 
2021-10-15 18:31:18,308 DEBUG: Task list loaded.
2021-10-15 18:31:18,308 DEBUG: Total number of tasks: 1
2021-10-15 18:31:18,308  INFO:  -- START  -- sp.xml
2021-10-15 18:31:18,308  INFO:  -- Fri Oct 15 18:31:18 AWST 2021
2021-10-15 18:31:18,308  INFO:  -- TASK 1/1 -- /scevo/config/tasks/data/dpird/met/stations/sp/raw/import.xml 6:31:18 PM
2021-10-15 18:31:18,324  INFO: Importing file SP_Weather_60min.csv
2021-10-15 18:50:12,163  INFO:  -- END  -- Fri Oct 15 18:50:12 AWST 2021
